<?xml version="1.0" encoding="UTF-8"?>
<!-- Generated by org.testng.reporters.JUnitReportReporter -->
<testsuite hostname="ISCHLAPHP21792" failures="0" tests="3" name="Files.DynamicJson" time="2.211" errors="0" timestamp="2024-06-14T13:14:17 IST" skipped="0">
  <testcase classname="Files.DynamicJson" name="addBook" time="0.161"/>
  <testcase classname="Files.DynamicJson" name="addBook" time="0.162"/>
  <testcase classname="Files.DynamicJson" name="addBook" time="1.888"/>
</testsuite> <!-- Files.DynamicJson -->
