<?xml version="1.0" encoding="UTF-8"?>
<!-- Generated by org.testng.reporters.JUnitReportReporter -->
<testsuite hostname="ISCHLAPHP21792" failures="0" tests="1" name="Basics.SumValidation" time="2.715" errors="0" timestamp="2024-06-13T14:04:06 IST" skipped="0">
  <testcase classname="Basics.SumValidation" name="sumOfCourses" time="2.715"/>
</testsuite> <!-- Basics.SumValidation -->
