<?xml version="1.0" encoding="UTF-8"?>
<!-- Generated by org.testng.reporters.JUnitReportReporter -->
<testsuite hostname="ISCHLAPHP21792" failures="0" tests="1" name="Runner.Testrunner" time="14.297" errors="0" timestamp="2024-08-06T12:54:40 IST" skipped="0">
  <testcase classname="Runner.Testrunner" name="runScenario" time="14.297"/>
  <system-out/>
</testsuite> <!-- Runner.Testrunner -->
