<?xml version="1.0" encoding="UTF-8"?>
<!-- Generated by org.testng.reporters.JUnitReportReporter -->
<testsuite hostname="ISCHLAPHP21792" failures="0" tests="3" name="dataDriven.excelDataProvider.dataProvider" time="0.009" errors="0" timestamp="2024-10-28T15:42:31 IST" skipped="0">
  <testcase classname="dataDriven.excelDataProvider.dataProvider" name="testCaseData" time="0.001"/>
  <system-out/>
  <testcase classname="dataDriven.excelDataProvider.dataProvider" name="testCaseData" time="0.001"/>
  <system-out/>
  <testcase classname="dataDriven.excelDataProvider.dataProvider" name="testCaseData" time="0.007"/>
  <system-out/>
</testsuite> <!-- dataDriven.excelDataProvider.dataProvider -->
