<?xml version="1.0" encoding="UTF-8"?>
<!-- Generated by org.testng.reporters.JUnitReportReporter -->
<testsuite hostname="ISCHLAPHP21792" failures="0" tests="1" name="dataDriven.excelDataProvider.excel" time="0.634" errors="0" timestamp="2024-10-28T15:42:22 IST" skipped="0">
  <testcase classname="dataDriven.excelDataProvider.excel" name="getData" time="0.634"/>
  <system-out/>
</testsuite> <!-- dataDriven.excelDataProvider.excel -->
