<?xml version="1.0" encoding="UTF-8"?>
<!-- Generated by org.testng.reporters.JUnitReportReporter -->
<testsuite hostname="ISCHLAPHP21792" failures="0" tests="1" name="TestNG.Day1" time="0.011" errors="0" timestamp="2024-04-23T14:39:47 IST" skipped="0">
  <testcase classname="TestNG.Day1" name="Demo" time="0.011"/>
  <system-out/>
</testsuite> <!-- TestNG.Day1 -->
