<?xml version="1.0" encoding="UTF-8"?>
<!-- Generated by org.testng.reporters.JUnitReportReporter -->
<testsuite hostname="ISCHLAPHP21641" failures="0" tests="4" name="JavaStream.TestStream" time="0.081" errors="0" timestamp="2023-11-07T20:37:00 IST" skipped="0">
  <testcase classname="JavaStream.TestStream" name="streamMap" time="0.028"/>
  <system-out/>
  <testcase classname="JavaStream.TestStream" name="test" time="0.006"/>
  <system-out/>
  <testcase classname="JavaStream.TestStream" name="streamFilter" time="0.016"/>
  <system-out/>
  <testcase classname="JavaStream.TestStream" name="streamCollect" time="0.031"/>
  <system-out/>
</testsuite> <!-- JavaStream.TestStream -->
