<?xml version="1.0" encoding="UTF-8"?>
<!-- Generated by org.testng.reporters.JUnitReportReporter -->
<testsuite hostname="ISCHLAPHP21792" failures="0" tests="1" name="seleniumframework.ExtentReports.ExtentReportDemo" time="11.391" errors="0" timestamp="2024-06-30T15:12:57 IST" skipped="0">
  <testcase classname="seleniumframework.ExtentReports.ExtentReportDemo" name="initialDemo" time="11.391"/>
  <system-out/>
</testsuite> <!-- seleniumframework.ExtentReports.ExtentReportDemo -->
